<?xml version="1.0" encoding="UTF-8" ?>
<testsuite tests="7" failures="0" name="StepDefinitions.TestRunner" time="97.238" errors="1" skipped="0">
  <properties>
[...]
</properties>
  <testcase classname="Feature to verify Headings on ICICIDirect Home Page" name="Validate Premium Portfolio link" time="18.705"/>
  <testcase classname="Feature to verify Headings on ICICIDirect Home Page" name="Validate NPS link" time="17.182"/>
  <testcase classname="Feature to verify Headings on ICICIDirect Home Page" name="Validate Global Invest link" time="17.206"/>
  <testcase classname="feature to google search functionality" name="Validate Google search is working" time="8.502"/>
  <testcase classname="This Feature is to test Place Order function" name="User places the order on cash" time="18.467"/>
  <testcase classname="Feature to verify icicidirect homepage" name="Validate ICICIDirect login Functionality" time="17.151"/>
  <testcase classname="Feature to verify icicidirect homepage" name="Validate Alerts on ICICIDirect Home Page" time="0.025">
    <error type="java.lang.NullPointerException">java.lang.NullPointerException
	at StepDefinitions.yahoocreateacc.user_click_alertbutton(yahoocreateacc.java:92)
	at ✽.User is on ICICIDirect home page and clicks on Alert button(file:///D:/Software/Java%20Workspace/cucum/src/test/resources/Features/website_homepage.feature:10)
</error>
    <system-out>
Scenario: Validate Alerts on ICICIDirect Home Page                  # src/test/resources/Features/website_homepage.feature:9
Inside Step-user clicks on alert button
  Given User is on ICICIDirect home page and clicks on Alert button # StepDefinitions.yahoocreateacc.user_click_alertbutton()
      java.lang.NullPointerException
	at StepDefinitions.yahoocreateacc.user_click_alertbutton(yahoocreateacc.java:92)
	at âœ½.User is on ICICIDirect home page and clicks on Alert button(file:///D:/Software/Java%20Workspace/cucum/src/test/resources/Features/website_homepage.feature:10)

  Then user is taken to current messages                            # StepDefinitions.yahoocreateacc.user_messages()
</system-out>
  </testcase>
</testsuite>